<?xml version="1.0" encoding="UTF-8"?>
<!-- Generated by org.testng.reporters.JUnitReportReporter -->
<testsuite hostname="Lenovo-PC" name="cucumberOption.TestRunner" tests="1" failures="0" timestamp="10 Jun 2019 11:47:01 GMT" time="23.742" errors="0">
  <testcase name="feature" time="23.742" classname="cucumberOption.TestRunner"/>
</testsuite> <!-- cucumberOption.TestRunner -->
