<?xml version="1.0" encoding="UTF-8"?>
<!-- Generated by org.testng.reporters.JUnitReportReporter -->
<testsuite hostname="PB-1FWCVP2" name="SeleniumAutomation.Automation.AppTest" tests="1" failures="0" timestamp="4 Jun 2019 01:14:11 GMT" time="0.004" errors="0">
  <testcase name="testApp" time="0.004" classname="SeleniumAutomation.Automation.AppTest"/>
</testsuite> <!-- SeleniumAutomation.Automation.AppTest -->
